[0.987s] Invoking command in '/workspace/aliengo_competition/ros2_isaac_bridge/ros2_ws/build/ros2_bridge_pkg': PYTHONPATH=/workspace/aliengo_competition/ros2_isaac_bridge/ros2_ws/build/ros2_bridge_pkg/prefix_override:/usr/lib/python3/dist-packages/colcon_core/task/python/colcon_distutils_commands:/workspace/aliengo_competition/ros2_isaac_bridge/ros2_ws/install/ros2_bridge_pkg/lib/python3.12/site-packages:${PYTHONPATH} /usr/bin/python3 -W ignore:setup.py install is deprecated -W ignore:easy_install command is deprecated setup.py develop --editable --build-directory /workspace/aliengo_competition/ros2_isaac_bridge/ros2_ws/build/ros2_bridge_pkg/build --no-deps symlink_data
[1.395s] running develop
[1.643s] running egg_info
[1.643s] creating ros2_bridge_pkg.egg-info
[1.666s] writing ros2_bridge_pkg.egg-info/PKG-INFO
[1.666s] writing dependency_links to ros2_bridge_pkg.egg-info/dependency_links.txt
[1.666s] writing entry points to ros2_bridge_pkg.egg-info/entry_points.txt
[1.667s] writing requirements to ros2_bridge_pkg.egg-info/requires.txt
[1.667s] writing top-level names to ros2_bridge_pkg.egg-info/top_level.txt
[1.667s] writing manifest file 'ros2_bridge_pkg.egg-info/SOURCES.txt'
[1.714s] reading manifest file 'ros2_bridge_pkg.egg-info/SOURCES.txt'
[1.715s] writing manifest file 'ros2_bridge_pkg.egg-info/SOURCES.txt'
[1.740s] running build_ext
[1.740s] Creating /workspace/aliengo_competition/ros2_isaac_bridge/ros2_ws/install/ros2_bridge_pkg/lib/python3.12/site-packages/ros2-bridge-pkg.egg-link (link to .)
[1.741s] Installing bridge_node script to /workspace/aliengo_competition/ros2_isaac_bridge/ros2_ws/install/ros2_bridge_pkg/lib/ros2_bridge_pkg
[1.741s] Installing mission_node script to /workspace/aliengo_competition/ros2_isaac_bridge/ros2_ws/install/ros2_bridge_pkg/lib/ros2_bridge_pkg
[1.741s] 
[1.741s] Installed /workspace/aliengo_competition/ros2_isaac_bridge/ros2_ws/build/ros2_bridge_pkg
[1.741s] running symlink_data
[1.742s] creating /workspace/aliengo_competition/ros2_isaac_bridge/ros2_ws/install/ros2_bridge_pkg/share/ament_index
[1.742s] creating /workspace/aliengo_competition/ros2_isaac_bridge/ros2_ws/install/ros2_bridge_pkg/share/ament_index/resource_index
[1.743s] creating /workspace/aliengo_competition/ros2_isaac_bridge/ros2_ws/install/ros2_bridge_pkg/share/ament_index/resource_index/packages
[1.743s] symbolically linking /workspace/aliengo_competition/ros2_isaac_bridge/ros2_ws/build/ros2_bridge_pkg/resource/ros2_bridge_pkg -> /workspace/aliengo_competition/ros2_isaac_bridge/ros2_ws/install/ros2_bridge_pkg/share/ament_index/resource_index/packages
[1.743s] symbolically linking /workspace/aliengo_competition/ros2_isaac_bridge/ros2_ws/build/ros2_bridge_pkg/package.xml -> /workspace/aliengo_competition/ros2_isaac_bridge/ros2_ws/install/ros2_bridge_pkg/share/ros2_bridge_pkg
[1.786s] Invoked command in '/workspace/aliengo_competition/ros2_isaac_bridge/ros2_ws/build/ros2_bridge_pkg' returned '0': PYTHONPATH=/workspace/aliengo_competition/ros2_isaac_bridge/ros2_ws/build/ros2_bridge_pkg/prefix_override:/usr/lib/python3/dist-packages/colcon_core/task/python/colcon_distutils_commands:/workspace/aliengo_competition/ros2_isaac_bridge/ros2_ws/install/ros2_bridge_pkg/lib/python3.12/site-packages:${PYTHONPATH} /usr/bin/python3 -W ignore:setup.py install is deprecated -W ignore:easy_install command is deprecated setup.py develop --editable --build-directory /workspace/aliengo_competition/ros2_isaac_bridge/ros2_ws/build/ros2_bridge_pkg/build --no-deps symlink_data
